
Ejecucion secuencial de programa poblaciones
Ciudades y habitantes de India
Ciudad: Delhi
Número de habitantes: 31870000

Ciudades y habitantes de India
Ciudad: Mumbai
Número de habitantes: 22186000

Ciudades y habitantes de India
Ciudad: Kolkata
Número de habitantes: 18698000

Ciudades y habitantes de India
Ciudad: Bangalore
Número de habitantes: 13999000

Ciudades y habitantes de India
Ciudad: Chennai
Número de habitantes: 11564000

Ciudades y habitantes de India
Ciudad: Hyderabad
Número de habitantes: 9840000

Ciudades y habitantes de India
Ciudad: Ahmedabad
Número de habitantes: 7717000

Ciudades y habitantes de India
Ciudad: Surat
Número de habitantes: 4875000

Ciudades y habitantes de India
Ciudad: Pune
Número de habitantes: 7948000

El número total de habitantes es 128697000
Ciudades y habitantes de China
Ciudad: Shanghai
Número de habitantes: 22118000

Ciudades y habitantes de China
Ciudad: Beijing
Número de habitantes: 19437000

Ciudades y habitantes de China
Ciudad: Chongqing
Número de habitantes: 8261000

Ciudades y habitantes de China
Ciudad: Tianjin
Número de habitantes: 10932000

Ciudades y habitantes de China
Ciudad: Guangzhou
Número de habitantes: 21489000

Ciudades y habitantes de China
Ciudad: Shenzhen
Número de habitantes: 14678000

Ciudades y habitantes de China
Ciudad: Chengdu
Número de habitantes: 11920000

Ciudades y habitantes de China
Ciudad: Nanjing
Número de habitantes: 7729000

Ciudades y habitantes de China
Ciudad: Wuhan
Número de habitantes: 9729000

Ciudades y habitantes de China
Ciudad: Xi'an
Número de habitantes: 7090000

Ciudades y habitantes de China
Ciudad: Hong Kong
Número de habitantes: 7398000

Ciudades y habitantes de China
Ciudad: Dongguan
Número de habitantes: 8142000

Ciudades y habitantes de China
Ciudad: Hangzhou
Número de habitantes: 6713000

Ciudades y habitantes de China
Ciudad: Shenyang
Número de habitantes: 7208000

Ciudades y habitantes de China
Ciudad: Suzhou
Número de habitantes: 5103000

Ciudades y habitantes de China
Ciudad: Harbin
Número de habitantes: 4583000

Ciudades y habitantes de China
Ciudad: Qingdao
Número de habitantes: 6232000

Ciudades y habitantes de China
Ciudad: Dalian
Número de habitantes: 3994000

Ciudades y habitantes de China
Ciudad: Jinan
Número de habitantes: 4381000

El número total de habitantes es 187137000
Ciudades y habitantes de Brazil
Ciudad: São Paulo
Número de habitantes: 22495000

Ciudades y habitantes de Brazil
Ciudad: Rio de Janeiro
Número de habitantes: 12486000

Ciudades y habitantes de Brazil
Ciudad: Belo Horizonte
Número de habitantes: 5159000

El número total de habitantes es 40140000
Ciudades y habitantes de Mexico
Ciudad: Mexico City
Número de habitantes: 21505000

Ciudades y habitantes de Mexico
Ciudad: Guadalajara
Número de habitantes: 5437000

El número total de habitantes es 26942000
Ciudades y habitantes de Egypt
Ciudad: Cairo
Número de habitantes: 19787000

Ciudades y habitantes de Egypt
Ciudad: Alexandria
Número de habitantes: 4857000

El número total de habitantes es 24644000
Ciudades y habitantes de India
Ciudad: Delhi
Número de habitantes: 31870000

Ciudades y habitantes de India
Ciudad: Mumbai
Número de habitantes: 22186000

Ciudades y habitantes de India
Ciudad: Kolkata
Número de habitantes: 18698000

Ciudades y habitantes de India
Ciudad: Bangalore
Número de habitantes: 13999000

Ciudades y habitantes de India
Ciudad: Chennai
Número de habitantes: 11564000

Ciudades y habitantes de India
Ciudad: Hyderabad
Número de habitantes: 9840000

Ciudades y habitantes de India
Ciudad: Ahmedabad
Número de habitantes: 7717000

Ciudades y habitantes de India
Ciudad: Surat
Número de habitantes: 4875000

Ciudades y habitantes de India
Ciudad: Pune
Número de habitantes: 7948000

El número total de habitantes es 128697000
Ciudades y habitantes de China
Ciudad: Shanghai
Número de habitantes: 22118000

Ciudades y habitantes de China
Ciudad: Beijing
Número de habitantes: 19437000

Ciudades y habitantes de China
Ciudad: Chongqing
Número de habitantes: 8261000

Ciudades y habitantes de China
Ciudad: Tianjin
Número de habitantes: 10932000

Ciudades y habitantes de China
Ciudad: Guangzhou
Número de habitantes: 21489000

Ciudades y habitantes de China
Ciudad: Shenzhen
Número de habitantes: 14678000

Ciudades y habitantes de China
Ciudad: Chengdu
Número de habitantes: 11920000

Ciudades y habitantes de China
Ciudad: Nanjing
Número de habitantes: 7729000

Ciudades y habitantes de China
Ciudad: Wuhan
Número de habitantes: 9729000

Ciudades y habitantes de China
Ciudad: Xi'an
Número de habitantes: 7090000

Ciudades y habitantes de China
Ciudad: Hong Kong
Número de habitantes: 7398000

Ciudades y habitantes de China
Ciudad: Dongguan
Número de habitantes: 8142000

Ciudades y habitantes de China
Ciudad: Hangzhou
Número de habitantes: 6713000

Ciudades y habitantes de China
Ciudad: Shenyang
Número de habitantes: 7208000

Ciudades y habitantes de China
Ciudad: Suzhou
Número de habitantes: 5103000

Ciudades y habitantes de China
Ciudad: Harbin
Número de habitantes: 4583000

Ciudades y habitantes de China
Ciudad: Qingdao
Número de habitantes: 6232000

Ciudades y habitantes de China
Ciudad: Dalian
Número de habitantes: 3994000

Ciudades y habitantes de China
Ciudad: Jinan
Número de habitantes: 4381000

El número total de habitantes es 187137000
Ciudades y habitantes de Bangladesh
Ciudad: Dhaka
Número de habitantes: 16839000

El número total de habitantes es 16839000
Ciudades y habitantes de Japan
Ciudad: Osaka
Número de habitantes: 15490000

Ciudades y habitantes de Japan
Ciudad: Nagoya
Número de habitantes: 9522000

Ciudades y habitantes de Japan
Ciudad: Fukuoka
Número de habitantes: 2280000

El número total de habitantes es 27292000
United no es un argumento válido
States no es un argumento válido
Ciudades y habitantes de Pakistan
Ciudad: Karachi
Número de habitantes: 15292000

Ciudades y habitantes de Pakistan
Ciudad: Lahore
Número de habitantes: 11148000

El número total de habitantes es 26440000
Ciudades y habitantes de Argentina
Ciudad: Buenos Aires
Número de habitantes: 16216000

El número total de habitantes es 16216000
Ciudades y habitantes de China
Ciudad: Shanghai
Número de habitantes: 22118000

Ciudades y habitantes de China
Ciudad: Beijing
Número de habitantes: 19437000

Ciudades y habitantes de China
Ciudad: Chongqing
Número de habitantes: 8261000

Ciudades y habitantes de China
Ciudad: Tianjin
Número de habitantes: 10932000

Ciudades y habitantes de China
Ciudad: Guangzhou
Número de habitantes: 21489000

Ciudades y habitantes de China
Ciudad: Shenzhen
Número de habitantes: 14678000

Ciudades y habitantes de China
Ciudad: Chengdu
Número de habitantes: 11920000

Ciudades y habitantes de China
Ciudad: Nanjing
Número de habitantes: 7729000

Ciudades y habitantes de China
Ciudad: Wuhan
Número de habitantes: 9729000

Ciudades y habitantes de China
Ciudad: Xi'an
Número de habitantes: 7090000

Ciudades y habitantes de China
Ciudad: Hong Kong
Número de habitantes: 7398000

Ciudades y habitantes de China
Ciudad: Dongguan
Número de habitantes: 8142000

Ciudades y habitantes de China
Ciudad: Hangzhou
Número de habitantes: 6713000

Ciudades y habitantes de China
Ciudad: Shenyang
Número de habitantes: 7208000

Ciudades y habitantes de China
Ciudad: Suzhou
Número de habitantes: 5103000

Ciudades y habitantes de China
Ciudad: Harbin
Número de habitantes: 4583000

Ciudades y habitantes de China
Ciudad: Qingdao
Número de habitantes: 6232000

Ciudades y habitantes de China
Ciudad: Dalian
Número de habitantes: 3994000

Ciudades y habitantes de China
Ciudad: Jinan
Número de habitantes: 4381000

El número total de habitantes es 187137000
Ciudades y habitantes de Turkey
Ciudad: Istanbul
Número de habitantes: 15311000

El número total de habitantes es 15311000
Ciudades y habitantes de India
Ciudad: Delhi
Número de habitantes: 31870000

Ciudades y habitantes de India
Ciudad: Mumbai
Número de habitantes: 22186000

Ciudades y habitantes de India
Ciudad: Kolkata
Número de habitantes: 18698000

Ciudades y habitantes de India
Ciudad: Bangalore
Número de habitantes: 13999000

Ciudades y habitantes de India
Ciudad: Chennai
Número de habitantes: 11564000

Ciudades y habitantes de India
Ciudad: Hyderabad
Número de habitantes: 9840000

Ciudades y habitantes de India
Ciudad: Ahmedabad
Número de habitantes: 7717000

Ciudades y habitantes de India
Ciudad: Surat
Número de habitantes: 4875000

Ciudades y habitantes de India
Ciudad: Pune
Número de habitantes: 7948000

El número total de habitantes es 128697000
Ciudades y habitantes de Philippines
Ciudad: Manila
Número de habitantes: 23971000

El número total de habitantes es 23971000
Ciudades y habitantes de Nigeria
Ciudad: Lagos
Número de habitantes: 15487000

El número total de habitantes es 15487000
Ciudades y habitantes de Brazil
Ciudad: São Paulo
Número de habitantes: 22495000

Ciudades y habitantes de Brazil
Ciudad: Rio de Janeiro
Número de habitantes: 12486000

Ciudades y habitantes de Brazil
Ciudad: Belo Horizonte
Número de habitantes: 5159000

El número total de habitantes es 40140000
Ciudades y habitantes de China
Ciudad: Shanghai
Número de habitantes: 22118000

Ciudades y habitantes de China
Ciudad: Beijing
Número de habitantes: 19437000

Ciudades y habitantes de China
Ciudad: Chongqing
Número de habitantes: 8261000

Ciudades y habitantes de China
Ciudad: Tianjin
Número de habitantes: 10932000

Ciudades y habitantes de China
Ciudad: Guangzhou
Número de habitantes: 21489000

Ciudades y habitantes de China
Ciudad: Shenzhen
Número de habitantes: 14678000

Ciudades y habitantes de China
Ciudad: Chengdu
Número de habitantes: 11920000

Ciudades y habitantes de China
Ciudad: Nanjing
Número de habitantes: 7729000

Ciudades y habitantes de China
Ciudad: Wuhan
Número de habitantes: 9729000

Ciudades y habitantes de China
Ciudad: Xi'an
Número de habitantes: 7090000

Ciudades y habitantes de China
Ciudad: Hong Kong
Número de habitantes: 7398000

Ciudades y habitantes de China
Ciudad: Dongguan
Número de habitantes: 8142000

Ciudades y habitantes de China
Ciudad: Hangzhou
Número de habitantes: 6713000

Ciudades y habitantes de China
Ciudad: Shenyang
Número de habitantes: 7208000

Ciudades y habitantes de China
Ciudad: Suzhou
Número de habitantes: 5103000

Ciudades y habitantes de China
Ciudad: Harbin
Número de habitantes: 4583000

Ciudades y habitantes de China
Ciudad: Qingdao
Número de habitantes: 6232000

Ciudades y habitantes de China
Ciudad: Dalian
Número de habitantes: 3994000

Ciudades y habitantes de China
Ciudad: Jinan
Número de habitantes: 4381000

El número total de habitantes es 187137000
DR no es un argumento válido
Congo no es un argumento válido
Ciudades y habitantes de China
Ciudad: Shanghai
Número de habitantes: 22118000

Ciudades y habitantes de China
Ciudad: Beijing
Número de habitantes: 19437000

Ciudades y habitantes de China
Ciudad: Chongqing
Número de habitantes: 8261000

Ciudades y habitantes de China
Ciudad: Tianjin
Número de habitantes: 10932000

Ciudades y habitantes de China
Ciudad: Guangzhou
Número de habitantes: 21489000

Ciudades y habitantes de China
Ciudad: Shenzhen
Número de habitantes: 14678000

Ciudades y habitantes de China
Ciudad: Chengdu
Número de habitantes: 11920000

Ciudades y habitantes de China
Ciudad: Nanjing
Número de habitantes: 7729000

Ciudades y habitantes de China
Ciudad: Wuhan
Número de habitantes: 9729000

Ciudades y habitantes de China
Ciudad: Xi'an
Número de habitantes: 7090000

Ciudades y habitantes de China
Ciudad: Hong Kong
Número de habitantes: 7398000

Ciudades y habitantes de China
Ciudad: Dongguan
Número de habitantes: 8142000

Ciudades y habitantes de China
Ciudad: Hangzhou
Número de habitantes: 6713000

Ciudades y habitantes de China
Ciudad: Shenyang
Número de habitantes: 7208000

Ciudades y habitantes de China
Ciudad: Suzhou
Número de habitantes: 5103000

Ciudades y habitantes de China
Ciudad: Harbin
Número de habitantes: 4583000

Ciudades y habitantes de China
Ciudad: Qingdao
Número de habitantes: 6232000

Ciudades y habitantes de China
Ciudad: Dalian
Número de habitantes: 3994000

Ciudades y habitantes de China
Ciudad: Jinan
Número de habitantes: 4381000

El número total de habitantes es 187137000
United no es un argumento válido
States no es un argumento válido
Ciudades y habitantes de Russia
Ciudad: Moscow
Número de habitantes: 17693000

Ciudades y habitantes de Russia
Ciudad: Saint Petersburg
Número de habitantes: 5207000

El número total de habitantes es 22900000
Ciudades y habitantes de China
Ciudad: Shanghai
Número de habitantes: 22118000

Ciudades y habitantes de China
Ciudad: Beijing
Número de habitantes: 19437000

Ciudades y habitantes de China
Ciudad: Chongqing
Número de habitantes: 8261000

Ciudades y habitantes de China
Ciudad: Tianjin
Número de habitantes: 10932000

Ciudades y habitantes de China
Ciudad: Guangzhou
Número de habitantes: 21489000

Ciudades y habitantes de China
Ciudad: Shenzhen
Número de habitantes: 14678000

Ciudades y habitantes de China
Ciudad: Chengdu
Número de habitantes: 11920000

Ciudades y habitantes de China
Ciudad: Nanjing
Número de habitantes: 7729000

Ciudades y habitantes de China
Ciudad: Wuhan
Número de habitantes: 9729000

Ciudades y habitantes de China
Ciudad: Xi'an
Número de habitantes: 7090000

Ciudades y habitantes de China
Ciudad: Hong Kong
Número de habitantes: 7398000

Ciudades y habitantes de China
Ciudad: Dongguan
Número de habitantes: 8142000

Ciudades y habitantes de China
Ciudad: Hangzhou
Número de habitantes: 6713000

Ciudades y habitantes de China
Ciudad: Shenyang
Número de habitantes: 7208000

Ciudades y habitantes de China
Ciudad: Suzhou
Número de habitantes: 5103000

Ciudades y habitantes de China
Ciudad: Harbin
Número de habitantes: 4583000

Ciudades y habitantes de China
Ciudad: Qingdao
Número de habitantes: 6232000

Ciudades y habitantes de China
Ciudad: Dalian
Número de habitantes: 3994000

Ciudades y habitantes de China
Ciudad: Jinan
Número de habitantes: 4381000

El número total de habitantes es 187137000
Ciudades y habitantes de Pakistan
Ciudad: Karachi
Número de habitantes: 15292000

Ciudades y habitantes de Pakistan
Ciudad: Lahore
Número de habitantes: 11148000

El número total de habitantes es 26440000
Ciudades y habitantes de India
Ciudad: Delhi
Número de habitantes: 31870000

Ciudades y habitantes de India
Ciudad: Mumbai
Número de habitantes: 22186000

Ciudades y habitantes de India
Ciudad: Kolkata
Número de habitantes: 18698000

Ciudades y habitantes de India
Ciudad: Bangalore
Número de habitantes: 13999000

Ciudades y habitantes de India
Ciudad: Chennai
Número de habitantes: 11564000

Ciudades y habitantes de India
Ciudad: Hyderabad
Número de habitantes: 9840000

Ciudades y habitantes de India
Ciudad: Ahmedabad
Número de habitantes: 7717000

Ciudades y habitantes de India
Ciudad: Surat
Número de habitantes: 4875000

Ciudades y habitantes de India
Ciudad: Pune
Número de habitantes: 7948000

El número total de habitantes es 128697000
Ciudades y habitantes de France
Ciudad: Paris
Número de habitantes: 11027000

El número total de habitantes es 11027000
Ciudades y habitantes de Colombia
Ciudad: Bogotá
Número de habitantes: 9274000

El número total de habitantes es 9274000
Ciudades y habitantes de Indonesia
Ciudad: Jakarta
Número de habitantes: 35362000

El número total de habitantes es 35362000
Ciudades y habitantes de India
Ciudad: Delhi
Número de habitantes: 31870000

Ciudades y habitantes de India
Ciudad: Mumbai
Número de habitantes: 22186000

Ciudades y habitantes de India
Ciudad: Kolkata
Número de habitantes: 18698000

Ciudades y habitantes de India
Ciudad: Bangalore
Número de habitantes: 13999000

Ciudades y habitantes de India
Ciudad: Chennai
Número de habitantes: 11564000

Ciudades y habitantes de India
Ciudad: Hyderabad
Número de habitantes: 9840000

Ciudades y habitantes de India
Ciudad: Ahmedabad
Número de habitantes: 7717000

Ciudades y habitantes de India
Ciudad: Surat
Número de habitantes: 4875000

Ciudades y habitantes de India
Ciudad: Pune
Número de habitantes: 7948000

El número total de habitantes es 128697000
Ciudades y habitantes de Peru
Ciudad: Lima
Número de habitantes: 8992000

El número total de habitantes es 8992000
Ciudades y habitantes de Thailand
Ciudad: Bangkok
Número de habitantes: 17573000

El número total de habitantes es 17573000
South no es un argumento válido
Korea no es un argumento válido
Ciudades y habitantes de Japan
Ciudad: Osaka
Número de habitantes: 15490000

Ciudades y habitantes de Japan
Ciudad: Nagoya
Número de habitantes: 9522000

Ciudades y habitantes de Japan
Ciudad: Fukuoka
Número de habitantes: 2280000

El número total de habitantes es 27292000
Ciudades y habitantes de India
Ciudad: Delhi
Número de habitantes: 31870000

Ciudades y habitantes de India
Ciudad: Mumbai
Número de habitantes: 22186000

Ciudades y habitantes de India
Ciudad: Kolkata
Número de habitantes: 18698000

Ciudades y habitantes de India
Ciudad: Bangalore
Número de habitantes: 13999000

Ciudades y habitantes de India
Ciudad: Chennai
Número de habitantes: 11564000

Ciudades y habitantes de India
Ciudad: Hyderabad
Número de habitantes: 9840000

Ciudades y habitantes de India
Ciudad: Ahmedabad
Número de habitantes: 7717000

Ciudades y habitantes de India
Ciudad: Surat
Número de habitantes: 4875000

Ciudades y habitantes de India
Ciudad: Pune
Número de habitantes: 7948000

El número total de habitantes es 128697000
United no es un argumento válido
Kingdom no es un argumento válido
Ciudades y habitantes de Iran
Ciudad: Tehran
Número de habitantes: 13819000

El número total de habitantes es 13819000
United no es un argumento válido
States no es un argumento válido
Ciudades y habitantes de China
Ciudad: Shanghai
Número de habitantes: 22118000

Ciudades y habitantes de China
Ciudad: Beijing
Número de habitantes: 19437000

Ciudades y habitantes de China
Ciudad: Chongqing
Número de habitantes: 8261000

Ciudades y habitantes de China
Ciudad: Tianjin
Número de habitantes: 10932000

Ciudades y habitantes de China
Ciudad: Guangzhou
Número de habitantes: 21489000

Ciudades y habitantes de China
Ciudad: Shenzhen
Número de habitantes: 14678000

Ciudades y habitantes de China
Ciudad: Chengdu
Número de habitantes: 11920000

Ciudades y habitantes de China
Ciudad: Nanjing
Número de habitantes: 7729000

Ciudades y habitantes de China
Ciudad: Wuhan
Número de habitantes: 9729000

Ciudades y habitantes de China
Ciudad: Xi'an
Número de habitantes: 7090000

Ciudades y habitantes de China
Ciudad: Hong Kong
Número de habitantes: 7398000

Ciudades y habitantes de China
Ciudad: Dongguan
Número de habitantes: 8142000

Ciudades y habitantes de China
Ciudad: Hangzhou
Número de habitantes: 6713000

Ciudades y habitantes de China
Ciudad: Shenyang
Número de habitantes: 7208000

Ciudades y habitantes de China
Ciudad: Suzhou
Número de habitantes: 5103000

Ciudades y habitantes de China
Ciudad: Harbin
Número de habitantes: 4583000

Ciudades y habitantes de China
Ciudad: Qingdao
Número de habitantes: 6232000

Ciudades y habitantes de China
Ciudad: Dalian
Número de habitantes: 3994000

Ciudades y habitantes de China
Ciudad: Jinan
Número de habitantes: 4381000

El número total de habitantes es 187137000
Ciudades y habitantes de China
Ciudad: Shanghai
Número de habitantes: 22118000

Ciudades y habitantes de China
Ciudad: Beijing
Número de habitantes: 19437000

Ciudades y habitantes de China
Ciudad: Chongqing
Número de habitantes: 8261000

Ciudades y habitantes de China
Ciudad: Tianjin
Número de habitantes: 10932000

Ciudades y habitantes de China
Ciudad: Guangzhou
Número de habitantes: 21489000

Ciudades y habitantes de China
Ciudad: Shenzhen
Número de habitantes: 14678000

Ciudades y habitantes de China
Ciudad: Chengdu
Número de habitantes: 11920000

Ciudades y habitantes de China
Ciudad: Nanjing
Número de habitantes: 7729000

Ciudades y habitantes de China
Ciudad: Wuhan
Número de habitantes: 9729000

Ciudades y habitantes de China
Ciudad: Xi'an
Número de habitantes: 7090000

Ciudades y habitantes de China
Ciudad: Hong Kong
Número de habitantes: 7398000

Ciudades y habitantes de China
Ciudad: Dongguan
Número de habitantes: 8142000

Ciudades y habitantes de China
Ciudad: Hangzhou
Número de habitantes: 6713000

Ciudades y habitantes de China
Ciudad: Shenyang
Número de habitantes: 7208000

Ciudades y habitantes de China
Ciudad: Suzhou
Número de habitantes: 5103000

Ciudades y habitantes de China
Ciudad: Harbin
Número de habitantes: 4583000

Ciudades y habitantes de China
Ciudad: Qingdao
Número de habitantes: 6232000

Ciudades y habitantes de China
Ciudad: Dalian
Número de habitantes: 3994000

Ciudades y habitantes de China
Ciudad: Jinan
Número de habitantes: 4381000

El número total de habitantes es 187137000
Ciudades y habitantes de China
Ciudad: Shanghai
Número de habitantes: 22118000

Ciudades y habitantes de China
Ciudad: Beijing
Número de habitantes: 19437000

Ciudades y habitantes de China
Ciudad: Chongqing
Número de habitantes: 8261000

Ciudades y habitantes de China
Ciudad: Tianjin
Número de habitantes: 10932000

Ciudades y habitantes de China
Ciudad: Guangzhou
Número de habitantes: 21489000

Ciudades y habitantes de China
Ciudad: Shenzhen
Número de habitantes: 14678000

Ciudades y habitantes de China
Ciudad: Chengdu
Número de habitantes: 11920000

Ciudades y habitantes de China
Ciudad: Nanjing
Número de habitantes: 7729000

Ciudades y habitantes de China
Ciudad: Wuhan
Número de habitantes: 9729000

Ciudades y habitantes de China
Ciudad: Xi'an
Número de habitantes: 7090000

Ciudades y habitantes de China
Ciudad: Hong Kong
Número de habitantes: 7398000

Ciudades y habitantes de China
Ciudad: Dongguan
Número de habitantes: 8142000

Ciudades y habitantes de China
Ciudad: Hangzhou
Número de habitantes: 6713000

Ciudades y habitantes de China
Ciudad: Shenyang
Número de habitantes: 7208000

Ciudades y habitantes de China
Ciudad: Suzhou
Número de habitantes: 5103000

Ciudades y habitantes de China
Ciudad: Harbin
Número de habitantes: 4583000

Ciudades y habitantes de China
Ciudad: Qingdao
Número de habitantes: 6232000

Ciudades y habitantes de China
Ciudad: Dalian
Número de habitantes: 3994000

Ciudades y habitantes de China
Ciudad: Jinan
Número de habitantes: 4381000

El número total de habitantes es 187137000
Ciudades y habitantes de Vietnam
Ciudad: Ho Chi Minh City
Número de habitantes: 13954000

El número total de habitantes es 13954000
Ciudades y habitantes de Angola
Ciudad: Luanda
Número de habitantes: 8883000

El número total de habitantes es 8883000
Ciudades y habitantes de India
Ciudad: Delhi
Número de habitantes: 31870000

Ciudades y habitantes de India
Ciudad: Mumbai
Número de habitantes: 22186000

Ciudades y habitantes de India
Ciudad: Kolkata
Número de habitantes: 18698000

Ciudades y habitantes de India
Ciudad: Bangalore
Número de habitantes: 13999000

Ciudades y habitantes de India
Ciudad: Chennai
Número de habitantes: 11564000

Ciudades y habitantes de India
Ciudad: Hyderabad
Número de habitantes: 9840000

Ciudades y habitantes de India
Ciudad: Ahmedabad
Número de habitantes: 7717000

Ciudades y habitantes de India
Ciudad: Surat
Número de habitantes: 4875000

Ciudades y habitantes de India
Ciudad: Pune
Número de habitantes: 7948000

El número total de habitantes es 128697000
Ciudades y habitantes de Malaysia
Ciudad: Kuala Lumpur
Número de habitantes: 8639000

El número total de habitantes es 8639000
Ciudades y habitantes de China
Ciudad: Shanghai
Número de habitantes: 22118000

Ciudades y habitantes de China
Ciudad: Beijing
Número de habitantes: 19437000

Ciudades y habitantes de China
Ciudad: Chongqing
Número de habitantes: 8261000

Ciudades y habitantes de China
Ciudad: Tianjin
Número de habitantes: 10932000

Ciudades y habitantes de China
Ciudad: Guangzhou
Número de habitantes: 21489000

Ciudades y habitantes de China
Ciudad: Shenzhen
Número de habitantes: 14678000

Ciudades y habitantes de China
Ciudad: Chengdu
Número de habitantes: 11920000

Ciudades y habitantes de China
Ciudad: Nanjing
Número de habitantes: 7729000

Ciudades y habitantes de China
Ciudad: Wuhan
Número de habitantes: 9729000

Ciudades y habitantes de China
Ciudad: Xi'an
Número de habitantes: 7090000

Ciudades y habitantes de China
Ciudad: Hong Kong
Número de habitantes: 7398000

Ciudades y habitantes de China
Ciudad: Dongguan
Número de habitantes: 8142000

Ciudades y habitantes de China
Ciudad: Hangzhou
Número de habitantes: 6713000

Ciudades y habitantes de China
Ciudad: Shenyang
Número de habitantes: 7208000

Ciudades y habitantes de China
Ciudad: Suzhou
Número de habitantes: 5103000

Ciudades y habitantes de China
Ciudad: Harbin
Número de habitantes: 4583000

Ciudades y habitantes de China
Ciudad: Qingdao
Número de habitantes: 6232000

Ciudades y habitantes de China
Ciudad: Dalian
Número de habitantes: 3994000

Ciudades y habitantes de China
Ciudad: Jinan
Número de habitantes: 4381000

El número total de habitantes es 187137000
Ciudades y habitantes de China
Ciudad: Shanghai
Número de habitantes: 22118000

Ciudades y habitantes de China
Ciudad: Beijing
Número de habitantes: 19437000

Ciudades y habitantes de China
Ciudad: Chongqing
Número de habitantes: 8261000

Ciudades y habitantes de China
Ciudad: Tianjin
Número de habitantes: 10932000

Ciudades y habitantes de China
Ciudad: Guangzhou
Número de habitantes: 21489000

Ciudades y habitantes de China
Ciudad: Shenzhen
Número de habitantes: 14678000

Ciudades y habitantes de China
Ciudad: Chengdu
Número de habitantes: 11920000

Ciudades y habitantes de China
Ciudad: Nanjing
Número de habitantes: 7729000

Ciudades y habitantes de China
Ciudad: Wuhan
Número de habitantes: 9729000

Ciudades y habitantes de China
Ciudad: Xi'an
Número de habitantes: 7090000

Ciudades y habitantes de China
Ciudad: Hong Kong
Número de habitantes: 7398000

Ciudades y habitantes de China
Ciudad: Dongguan
Número de habitantes: 8142000

Ciudades y habitantes de China
Ciudad: Hangzhou
Número de habitantes: 6713000

Ciudades y habitantes de China
Ciudad: Shenyang
Número de habitantes: 7208000

Ciudades y habitantes de China
Ciudad: Suzhou
Número de habitantes: 5103000

Ciudades y habitantes de China
Ciudad: Harbin
Número de habitantes: 4583000

Ciudades y habitantes de China
Ciudad: Qingdao
Número de habitantes: 6232000

Ciudades y habitantes de China
Ciudad: Dalian
Número de habitantes: 3994000

Ciudades y habitantes de China
Ciudad: Jinan
Número de habitantes: 4381000

El número total de habitantes es 187137000
Ciudades y habitantes de China
Ciudad: Shanghai
Número de habitantes: 22118000

Ciudades y habitantes de China
Ciudad: Beijing
Número de habitantes: 19437000

Ciudades y habitantes de China
Ciudad: Chongqing
Número de habitantes: 8261000

Ciudades y habitantes de China
Ciudad: Tianjin
Número de habitantes: 10932000

Ciudades y habitantes de China
Ciudad: Guangzhou
Número de habitantes: 21489000

Ciudades y habitantes de China
Ciudad: Shenzhen
Número de habitantes: 14678000

Ciudades y habitantes de China
Ciudad: Chengdu
Número de habitantes: 11920000

Ciudades y habitantes de China
Ciudad: Nanjing
Número de habitantes: 7729000

Ciudades y habitantes de China
Ciudad: Wuhan
Número de habitantes: 9729000

Ciudades y habitantes de China
Ciudad: Xi'an
Número de habitantes: 7090000

Ciudades y habitantes de China
Ciudad: Hong Kong
Número de habitantes: 7398000

Ciudades y habitantes de China
Ciudad: Dongguan
Número de habitantes: 8142000

Ciudades y habitantes de China
Ciudad: Hangzhou
Número de habitantes: 6713000

Ciudades y habitantes de China
Ciudad: Shenyang
Número de habitantes: 7208000

Ciudades y habitantes de China
Ciudad: Suzhou
Número de habitantes: 5103000

Ciudades y habitantes de China
Ciudad: Harbin
Número de habitantes: 4583000

Ciudades y habitantes de China
Ciudad: Qingdao
Número de habitantes: 6232000

Ciudades y habitantes de China
Ciudad: Dalian
Número de habitantes: 3994000

Ciudades y habitantes de China
Ciudad: Jinan
Número de habitantes: 4381000

El número total de habitantes es 187137000
Ciudades y habitantes de China
Ciudad: Shanghai
Número de habitantes: 22118000

Ciudades y habitantes de China
Ciudad: Beijing
Número de habitantes: 19437000

Ciudades y habitantes de China
Ciudad: Chongqing
Número de habitantes: 8261000

Ciudades y habitantes de China
Ciudad: Tianjin
Número de habitantes: 10932000

Ciudades y habitantes de China
Ciudad: Guangzhou
Número de habitantes: 21489000

Ciudades y habitantes de China
Ciudad: Shenzhen
Número de habitantes: 14678000

Ciudades y habitantes de China
Ciudad: Chengdu
Número de habitantes: 11920000

Ciudades y habitantes de China
Ciudad: Nanjing
Número de habitantes: 7729000

Ciudades y habitantes de China
Ciudad: Wuhan
Número de habitantes: 9729000

Ciudades y habitantes de China
Ciudad: Xi'an
Número de habitantes: 7090000

Ciudades y habitantes de China
Ciudad: Hong Kong
Número de habitantes: 7398000

Ciudades y habitantes de China
Ciudad: Dongguan
Número de habitantes: 8142000

Ciudades y habitantes de China
Ciudad: Hangzhou
Número de habitantes: 6713000

Ciudades y habitantes de China
Ciudad: Shenyang
Número de habitantes: 7208000

Ciudades y habitantes de China
Ciudad: Suzhou
Número de habitantes: 5103000

Ciudades y habitantes de China
Ciudad: Harbin
Número de habitantes: 4583000

Ciudades y habitantes de China
Ciudad: Qingdao
Número de habitantes: 6232000

Ciudades y habitantes de China
Ciudad: Dalian
Número de habitantes: 3994000

Ciudades y habitantes de China
Ciudad: Jinan
Número de habitantes: 4381000

El número total de habitantes es 187137000
Ciudades y habitantes de China
Ciudad: Shanghai
Número de habitantes: 22118000

Ciudades y habitantes de China
Ciudad: Beijing
Número de habitantes: 19437000

Ciudades y habitantes de China
Ciudad: Chongqing
Número de habitantes: 8261000

Ciudades y habitantes de China
Ciudad: Tianjin
Número de habitantes: 10932000

Ciudades y habitantes de China
Ciudad: Guangzhou
Número de habitantes: 21489000

Ciudades y habitantes de China
Ciudad: Shenzhen
Número de habitantes: 14678000

Ciudades y habitantes de China
Ciudad: Chengdu
Número de habitantes: 11920000

Ciudades y habitantes de China
Ciudad: Nanjing
Número de habitantes: 7729000

Ciudades y habitantes de China
Ciudad: Wuhan
Número de habitantes: 9729000

Ciudades y habitantes de China
Ciudad: Xi'an
Número de habitantes: 7090000

Ciudades y habitantes de China
Ciudad: Hong Kong
Número de habitantes: 7398000

Ciudades y habitantes de China
Ciudad: Dongguan
Número de habitantes: 8142000

Ciudades y habitantes de China
Ciudad: Hangzhou
Número de habitantes: 6713000

Ciudades y habitantes de China
Ciudad: Shenyang
Número de habitantes: 7208000

Ciudades y habitantes de China
Ciudad: Suzhou
Número de habitantes: 5103000

Ciudades y habitantes de China
Ciudad: Harbin
Número de habitantes: 4583000

Ciudades y habitantes de China
Ciudad: Qingdao
Número de habitantes: 6232000

Ciudades y habitantes de China
Ciudad: Dalian
Número de habitantes: 3994000

Ciudades y habitantes de China
Ciudad: Jinan
Número de habitantes: 4381000

El número total de habitantes es 187137000
Saudi no es un argumento válido
Arabia no es un argumento válido
Ciudades y habitantes de Iraq
Ciudad: Baghdad
Número de habitantes: 6107000

El número total de habitantes es 6107000
Ciudades y habitantes de Chile
Ciudad: Santiago
Número de habitantes: 7026000

El número total de habitantes es 7026000
Ciudades y habitantes de India
Ciudad: Delhi
Número de habitantes: 31870000

Ciudades y habitantes de India
Ciudad: Mumbai
Número de habitantes: 22186000

Ciudades y habitantes de India
Ciudad: Kolkata
Número de habitantes: 18698000

Ciudades y habitantes de India
Ciudad: Bangalore
Número de habitantes: 13999000

Ciudades y habitantes de India
Ciudad: Chennai
Número de habitantes: 11564000

Ciudades y habitantes de India
Ciudad: Hyderabad
Número de habitantes: 9840000

Ciudades y habitantes de India
Ciudad: Ahmedabad
Número de habitantes: 7717000

Ciudades y habitantes de India
Ciudad: Surat
Número de habitantes: 4875000

Ciudades y habitantes de India
Ciudad: Pune
Número de habitantes: 7948000

El número total de habitantes es 128697000
Ciudades y habitantes de Spain
Ciudad: Madrid
Número de habitantes: 6006000

Ciudades y habitantes de Spain
Ciudad: Barcelona
Número de habitantes: 4735000

El número total de habitantes es 10741000
Ciudades y habitantes de China
Ciudad: Shanghai
Número de habitantes: 22118000

Ciudades y habitantes de China
Ciudad: Beijing
Número de habitantes: 19437000

Ciudades y habitantes de China
Ciudad: Chongqing
Número de habitantes: 8261000

Ciudades y habitantes de China
Ciudad: Tianjin
Número de habitantes: 10932000

Ciudades y habitantes de China
Ciudad: Guangzhou
Número de habitantes: 21489000

Ciudades y habitantes de China
Ciudad: Shenzhen
Número de habitantes: 14678000

Ciudades y habitantes de China
Ciudad: Chengdu
Número de habitantes: 11920000

Ciudades y habitantes de China
Ciudad: Nanjing
Número de habitantes: 7729000

Ciudades y habitantes de China
Ciudad: Wuhan
Número de habitantes: 9729000

Ciudades y habitantes de China
Ciudad: Xi'an
Número de habitantes: 7090000

Ciudades y habitantes de China
Ciudad: Hong Kong
Número de habitantes: 7398000

Ciudades y habitantes de China
Ciudad: Dongguan
Número de habitantes: 8142000

Ciudades y habitantes de China
Ciudad: Hangzhou
Número de habitantes: 6713000

Ciudades y habitantes de China
Ciudad: Shenyang
Número de habitantes: 7208000

Ciudades y habitantes de China
Ciudad: Suzhou
Número de habitantes: 5103000

Ciudades y habitantes de China
Ciudad: Harbin
Número de habitantes: 4583000

Ciudades y habitantes de China
Ciudad: Qingdao
Número de habitantes: 6232000

Ciudades y habitantes de China
Ciudad: Dalian
Número de habitantes: 3994000

Ciudades y habitantes de China
Ciudad: Jinan
Número de habitantes: 4381000

El número total de habitantes es 187137000
Ciudades y habitantes de India
Ciudad: Delhi
Número de habitantes: 31870000

Ciudades y habitantes de India
Ciudad: Mumbai
Número de habitantes: 22186000

Ciudades y habitantes de India
Ciudad: Kolkata
Número de habitantes: 18698000

Ciudades y habitantes de India
Ciudad: Bangalore
Número de habitantes: 13999000

Ciudades y habitantes de India
Ciudad: Chennai
Número de habitantes: 11564000

Ciudades y habitantes de India
Ciudad: Hyderabad
Número de habitantes: 9840000

Ciudades y habitantes de India
Ciudad: Ahmedabad
Número de habitantes: 7717000

Ciudades y habitantes de India
Ciudad: Surat
Número de habitantes: 4875000

Ciudades y habitantes de India
Ciudad: Pune
Número de habitantes: 7948000

El número total de habitantes es 128697000
Ciudades y habitantes de China
Ciudad: Shanghai
Número de habitantes: 22118000

Ciudades y habitantes de China
Ciudad: Beijing
Número de habitantes: 19437000

Ciudades y habitantes de China
Ciudad: Chongqing
Número de habitantes: 8261000

Ciudades y habitantes de China
Ciudad: Tianjin
Número de habitantes: 10932000

Ciudades y habitantes de China
Ciudad: Guangzhou
Número de habitantes: 21489000

Ciudades y habitantes de China
Ciudad: Shenzhen
Número de habitantes: 14678000

Ciudades y habitantes de China
Ciudad: Chengdu
Número de habitantes: 11920000

Ciudades y habitantes de China
Ciudad: Nanjing
Número de habitantes: 7729000

Ciudades y habitantes de China
Ciudad: Wuhan
Número de habitantes: 9729000

Ciudades y habitantes de China
Ciudad: Xi'an
Número de habitantes: 7090000

Ciudades y habitantes de China
Ciudad: Hong Kong
Número de habitantes: 7398000

Ciudades y habitantes de China
Ciudad: Dongguan
Número de habitantes: 8142000

Ciudades y habitantes de China
Ciudad: Hangzhou
Número de habitantes: 6713000

Ciudades y habitantes de China
Ciudad: Shenyang
Número de habitantes: 7208000

Ciudades y habitantes de China
Ciudad: Suzhou
Número de habitantes: 5103000

Ciudades y habitantes de China
Ciudad: Harbin
Número de habitantes: 4583000

Ciudades y habitantes de China
Ciudad: Qingdao
Número de habitantes: 6232000

Ciudades y habitantes de China
Ciudad: Dalian
Número de habitantes: 3994000

Ciudades y habitantes de China
Ciudad: Jinan
Número de habitantes: 4381000

El número total de habitantes es 187137000
United no es un argumento válido
States no es un argumento válido
United no es un argumento válido
States no es un argumento válido
Ciudades y habitantes de Canada
Ciudad: Toronto
Número de habitantes: 6985000

El número total de habitantes es 6985000
Ciudades y habitantes de Tanzania
Ciudad: Dar es Salaam
Número de habitantes: 7461000

El número total de habitantes es 7461000
United no es un argumento válido
States no es un argumento válido
Ciudades y habitantes de Brazil
Ciudad: São Paulo
Número de habitantes: 22495000

Ciudades y habitantes de Brazil
Ciudad: Rio de Janeiro
Número de habitantes: 12486000

Ciudades y habitantes de Brazil
Ciudad: Belo Horizonte
Número de habitantes: 5159000

El número total de habitantes es 40140000
Ciudades y habitantes de Singapore
Ciudad: Singapore
Número de habitantes: 5271000

El número total de habitantes es 5271000
United no es un argumento válido
States no es un argumento válido
United no es un argumento válido
States no es un argumento válido
Ciudades y habitantes de Japan
Ciudad: Osaka
Número de habitantes: 15490000

Ciudades y habitantes de Japan
Ciudad: Nagoya
Número de habitantes: 9522000

Ciudades y habitantes de Japan
Ciudad: Fukuoka
Número de habitantes: 2280000

El número total de habitantes es 27292000
Ciudades y habitantes de Sudan
Ciudad: Khartoum
Número de habitantes: 6017000

El número total de habitantes es 6017000
Ciudades y habitantes de Spain
Ciudad: Madrid
Número de habitantes: 6006000

Ciudades y habitantes de Spain
Ciudad: Barcelona
Número de habitantes: 4735000

El número total de habitantes es 10741000
South no es un argumento válido
Africa no es un argumento válido
Ciudades y habitantes de Russia
Ciudad: Moscow
Número de habitantes: 17693000

Ciudades y habitantes de Russia
Ciudad: Saint Petersburg
Número de habitantes: 5207000

El número total de habitantes es 22900000
Ciudades y habitantes de China
Ciudad: Shanghai
Número de habitantes: 22118000

Ciudades y habitantes de China
Ciudad: Beijing
Número de habitantes: 19437000

Ciudades y habitantes de China
Ciudad: Chongqing
Número de habitantes: 8261000

Ciudades y habitantes de China
Ciudad: Tianjin
Número de habitantes: 10932000

Ciudades y habitantes de China
Ciudad: Guangzhou
Número de habitantes: 21489000

Ciudades y habitantes de China
Ciudad: Shenzhen
Número de habitantes: 14678000

Ciudades y habitantes de China
Ciudad: Chengdu
Número de habitantes: 11920000

Ciudades y habitantes de China
Ciudad: Nanjing
Número de habitantes: 7729000

Ciudades y habitantes de China
Ciudad: Wuhan
Número de habitantes: 9729000

Ciudades y habitantes de China
Ciudad: Xi'an
Número de habitantes: 7090000

Ciudades y habitantes de China
Ciudad: Hong Kong
Número de habitantes: 7398000

Ciudades y habitantes de China
Ciudad: Dongguan
Número de habitantes: 8142000

Ciudades y habitantes de China
Ciudad: Hangzhou
Número de habitantes: 6713000

Ciudades y habitantes de China
Ciudad: Shenyang
Número de habitantes: 7208000

Ciudades y habitantes de China
Ciudad: Suzhou
Número de habitantes: 5103000

Ciudades y habitantes de China
Ciudad: Harbin
Número de habitantes: 4583000

Ciudades y habitantes de China
Ciudad: Qingdao
Número de habitantes: 6232000

Ciudades y habitantes de China
Ciudad: Dalian
Número de habitantes: 3994000

Ciudades y habitantes de China
Ciudad: Jinan
Número de habitantes: 4381000

El número total de habitantes es 187137000
Ciudades y habitantes de China
Ciudad: Shanghai
Número de habitantes: 22118000

Ciudades y habitantes de China
Ciudad: Beijing
Número de habitantes: 19437000

Ciudades y habitantes de China
Ciudad: Chongqing
Número de habitantes: 8261000

Ciudades y habitantes de China
Ciudad: Tianjin
Número de habitantes: 10932000

Ciudades y habitantes de China
Ciudad: Guangzhou
Número de habitantes: 21489000

Ciudades y habitantes de China
Ciudad: Shenzhen
Número de habitantes: 14678000

Ciudades y habitantes de China
Ciudad: Chengdu
Número de habitantes: 11920000

Ciudades y habitantes de China
Ciudad: Nanjing
Número de habitantes: 7729000

Ciudades y habitantes de China
Ciudad: Wuhan
Número de habitantes: 9729000

Ciudades y habitantes de China
Ciudad: Xi'an
Número de habitantes: 7090000

Ciudades y habitantes de China
Ciudad: Hong Kong
Número de habitantes: 7398000

Ciudades y habitantes de China
Ciudad: Dongguan
Número de habitantes: 8142000

Ciudades y habitantes de China
Ciudad: Hangzhou
Número de habitantes: 6713000

Ciudades y habitantes de China
Ciudad: Shenyang
Número de habitantes: 7208000

Ciudades y habitantes de China
Ciudad: Suzhou
Número de habitantes: 5103000

Ciudades y habitantes de China
Ciudad: Harbin
Número de habitantes: 4583000

Ciudades y habitantes de China
Ciudad: Qingdao
Número de habitantes: 6232000

Ciudades y habitantes de China
Ciudad: Dalian
Número de habitantes: 3994000

Ciudades y habitantes de China
Ciudad: Jinan
Número de habitantes: 4381000

El número total de habitantes es 187137000
United no es un argumento válido
States no es un argumento válido
Ciudades y habitantes de Myanmar
Ciudad: Yangon
Número de habitantes: 6497000

El número total de habitantes es 6497000
Ciudades y habitantes de Egypt
Ciudad: Cairo
Número de habitantes: 19787000

Ciudades y habitantes de Egypt
Ciudad: Alexandria
Número de habitantes: 4857000

El número total de habitantes es 24644000
Ciudades y habitantes de China
Ciudad: Shanghai
Número de habitantes: 22118000

Ciudades y habitantes de China
Ciudad: Beijing
Número de habitantes: 19437000

Ciudades y habitantes de China
Ciudad: Chongqing
Número de habitantes: 8261000

Ciudades y habitantes de China
Ciudad: Tianjin
Número de habitantes: 10932000

Ciudades y habitantes de China
Ciudad: Guangzhou
Número de habitantes: 21489000

Ciudades y habitantes de China
Ciudad: Shenzhen
Número de habitantes: 14678000

Ciudades y habitantes de China
Ciudad: Chengdu
Número de habitantes: 11920000

Ciudades y habitantes de China
Ciudad: Nanjing
Número de habitantes: 7729000

Ciudades y habitantes de China
Ciudad: Wuhan
Número de habitantes: 9729000

Ciudades y habitantes de China
Ciudad: Xi'an
Número de habitantes: 7090000

Ciudades y habitantes de China
Ciudad: Hong Kong
Número de habitantes: 7398000

Ciudades y habitantes de China
Ciudad: Dongguan
Número de habitantes: 8142000

Ciudades y habitantes de China
Ciudad: Hangzhou
Número de habitantes: 6713000

Ciudades y habitantes de China
Ciudad: Shenyang
Número de habitantes: 7208000

Ciudades y habitantes de China
Ciudad: Suzhou
Número de habitantes: 5103000

Ciudades y habitantes de China
Ciudad: Harbin
Número de habitantes: 4583000

Ciudades y habitantes de China
Ciudad: Qingdao
Número de habitantes: 6232000

Ciudades y habitantes de China
Ciudad: Dalian
Número de habitantes: 3994000

Ciudades y habitantes de China
Ciudad: Jinan
Número de habitantes: 4381000

El número total de habitantes es 187137000
Ciudades y habitantes de Mexico
Ciudad: Mexico City
Número de habitantes: 21505000

Ciudades y habitantes de Mexico
Ciudad: Guadalajara
Número de habitantes: 5437000

El número total de habitantes es 26942000

real	0m0,865s
user	0m0,597s
sys	0m0,306s

Ejecucion paralela de programa poblaciones
Ciudades y habitantes de India
Ciudad: Delhi
Número de habitantes: 31870000

Ciudades y habitantes de China
Ciudad: Shanghai
Ciudades y habitantes de Brazil
Número de habitantes: 22118000
Ciudades y habitantes de India

Ciudad: São Paulo
Número de habitantes: 22495000

Ciudad: Mumbai
Número de habitantes: 22186000

Ciudades y habitantes de China
Ciudad: Beijing
Número de habitantes: 19437000

Ciudades y habitantes de India
Ciudad: Kolkata
Número de habitantes: 18698000

Ciudades y habitantes de Mexico
Ciudad: Mexico City
Número de habitantes: 21505000

Ciudades y habitantes de China
Ciudad: Chongqing
Número de habitantes: 8261000

Ciudades y habitantes de India
Ciudad: Delhi
Ciudades y habitantes de Brazil
Número de habitantes: 31870000

Ciudad: Rio de Janeiro
Número de habitantes: 12486000

Ciudades y habitantes de China
Ciudad: Tianjin
Número de habitantes: 10932000

Ciudades y habitantes de India
Ciudad: Bangalore
Número de habitantes: 13999000

Ciudades y habitantes de China
Ciudad: Guangzhou
Número de habitantes: 21489000

Ciudades y habitantes de India
Ciudad: Mumbai
Número de habitantes: 22186000

Ciudades y habitantes de India
Ciudad: Chennai
Número de habitantes: 11564000

Ciudades y habitantes de China
Ciudad: Shenzhen
Número de habitantes: 14678000

Ciudades y habitantes de Bangladesh
Ciudades y habitantes de India
Ciudad: Dhaka
Número de habitantes: 16839000
Ciudad: Hyderabad

Número de habitantes: 9840000

Ciudades y habitantes de Egypt
Ciudad: Cairo
Número de habitantes: 19787000

Ciudades y habitantes de India
Ciudad: Kolkata
Número de habitantes: 18698000

Ciudades y habitantes de China
Ciudad: Shanghai
Número de habitantes: 22118000

Ciudades y habitantes de Japan
Ciudad: Osaka
Número de habitantes: 15490000

Ciudades y habitantes de India
Ciudad: Ahmedabad
Número de habitantes: 7717000

Ciudades y habitantes de China
Ciudad: Beijing
Número de habitantes: 19437000

Ciudades y habitantes de China
Ciudad: Chengdu
Número de habitantes: 11920000

Ciudades y habitantes de China
Ciudad: Nanjing
Número de habitantes: 7729000

Ciudades y habitantes de India
Ciudad: Bangalore
Número de habitantes: 13999000

Ciudades y habitantes de China
Ciudad: Wuhan
Número de habitantes: 9729000

Ciudades y habitantes de China
Ciudad: Chongqing
Número de habitantes: 8261000

Ciudades y habitantes de Pakistan
Ciudad: Karachi
Número de habitantes: 15292000

Ciudades y habitantes de India
Ciudades y habitantes de India
Ciudad: Surat
Ciudad: Chennai
Número de habitantes: 4875000

Número de habitantes: 11564000

Ciudades y habitantes de China
Ciudad: Shanghai
Número de habitantes: 22118000

Ciudades y habitantes de China
Ciudad: Xi'an
Número de habitantes: 7090000

Ciudades y habitantes de China
Ciudad: Hong Kong
Número de habitantes: 7398000
Ciudades y habitantes de India

Ciudad: Pune
Número de habitantes: 7948000

Ciudades y habitantes de China
Ciudades y habitantes de China
Ciudad: Tianjin
Número de habitantes: 10932000

Ciudad: Dongguan
Número de habitantes: 8142000

Ciudades y habitantes de India
Ciudad: Hyderabad
Número de habitantes: 9840000

Ciudades y habitantes de China
Ciudades y habitantes de China
Ciudad: Hangzhou
Ciudad: Beijing
Número de habitantes: 6713000
Número de habitantes: 19437000


Ciudades y habitantes de China
Ciudad: Guangzhou
Número de habitantes: 21489000

Ciudades y habitantes de China
Ciudad: Shenyang
Ciudades y habitantes de Argentina
Número de habitantes: 7208000

Ciudad: Buenos Aires
Número de habitantes: 16216000

Ciudades y habitantes de Brazil
Ciudad: Belo Horizonte
Número de habitantes: 5159000

Ciudades y habitantes de China
Ciudad: Shenzhen
Número de habitantes: 14678000

Ciudades y habitantes de India
Ciudad: Delhi
Número de habitantes: 31870000

Ciudades y habitantes de Pakistan
Ciudades y habitantes de China
Ciudad: Lahore
Ciudades y habitantes de Japan
Ciudad: Chongqing
Número de habitantes: 11148000

Número de habitantes: 8261000
Ciudad: Nagoya

Número de habitantes: 9522000

Ciudades y habitantes de China
Ciudad: Suzhou
Número de habitantes: 5103000
Ciudades y habitantes de India

Ciudad: Ahmedabad
Número de habitantes: 7717000

Ciudades y habitantes de China
Ciudad: Harbin
Número de habitantes: 4583000

Ciudades y habitantes de India
Ciudad: Mumbai
Número de habitantes: 22186000

Ciudades y habitantes de China
Ciudad: Tianjin
Número de habitantes: 10932000

Ciudades y habitantes de China
Ciudad: Guangzhou
Número de habitantes: 21489000

Ciudades y habitantes de India
Ciudad: Surat
Número de habitantes: 4875000
El número total de habitantes es 40140000

Ciudades y habitantes de China
Ciudad: Chengdu
Número de habitantes: 11920000

Ciudades y habitantes de China
El número total de habitantes es 128697000
Ciudad: Shenzhen
Número de habitantes: 14678000

Ciudades y habitantes de China
Ciudades y habitantes de India
Ciudad: Nanjing
Ciudad: Kolkata
Número de habitantes: 7729000

Número de habitantes: 18698000

Ciudades y habitantes de India
Ciudad: Pune
Ciudades y habitantes de China
Número de habitantes: 7948000

Ciudad: Shanghai
Número de habitantes: 22118000

Ciudades y habitantes de China
Ciudad: Wuhan
Número de habitantes: 9729000

Ciudades y habitantes de Brazil
Ciudad: São Paulo
Número de habitantes: 22495000

Ciudades y habitantes de Philippines
Ciudad: Manila
Ciudades y habitantes de China
Número de habitantes: 23971000

Ciudad: Qingdao
Número de habitantes: 6232000

Ciudades y habitantes de China
Ciudades y habitantes de China
Ciudad: Dalian
Número de habitantes: 3994000
Ciudad: Beijing

Número de habitantes: 19437000

Ciudades y habitantes de China
Ciudad: Xi'an
Número de habitantes: 7090000

Ciudades y habitantes de China
Ciudad: Hong Kong
Número de habitantes: 7398000

Ciudades y habitantes de China
Ciudad: Dongguan
Número de habitantes: 8142000

Ciudades y habitantes de India
Ciudades y habitantes de Mexico
Ciudad: Bangalore
Ciudades y habitantes de China
Ciudad: Guadalajara
Número de habitantes: 13999000
Número de habitantes: 5437000


Ciudad: Jinan
Número de habitantes: 4381000

Ciudades y habitantes de China
Ciudad: Hangzhou
Número de habitantes: 6713000

El número total de habitantes es 26942000
Ciudades y habitantes de China
Ciudad: Chongqing
Número de habitantes: 8261000

Ciudades y habitantes de China
Ciudades y habitantes de China
Ciudad: Chengdu
Ciudad: Shenyang
Número de habitantes: 11920000
Número de habitantes: 7208000


El número total de habitantes es 187137000
Ciudades y habitantes de China
Ciudad: Nanjing
Ciudades y habitantes de India
Número de habitantes: 7729000

Ciudad: Chennai
Número de habitantes: 11564000

Ciudades y habitantes de China
Ciudad: Wuhan
Número de habitantes: 9729000

Ciudades y habitantes de Brazil
Ciudad: Rio de Janeiro
Número de habitantes: 12486000

Ciudades y habitantes de Japan
Ciudad: Fukuoka
Número de habitantes: 2280000

Ciudades y habitantes de Nigeria
Ciudades y habitantes de China
Ciudad: Lagos
Número de habitantes: 15487000
Ciudad: Tianjin

Número de habitantes: 10932000
Ciudades y habitantes de China

Ciudad: Suzhou
Número de habitantes: 5103000

Ciudades y habitantes de India
Ciudad: Hyderabad
Número de habitantes: 9840000

El número total de habitantes es 16839000
Ciudades y habitantes de Pakistan
Ciudad: Karachi
Ciudades y habitantes de China
Número de habitantes: 15292000
Ciudades y habitantes de China

Ciudad: Guangzhou
Ciudades y habitantes de China
Número de habitantes: 21489000

Ciudad: Xi'an
Ciudad: Harbin
Número de habitantes: 7090000

Número de habitantes: 4583000

El número total de habitantes es 128697000
Ciudades y habitantes de Egypt
Ciudad: Alexandria
Número de habitantes: 4857000

Ciudades y habitantes de China
Ciudades y habitantes de China
Ciudad: Shanghai
Número de habitantes: 22118000
Ciudad: Hong Kong

Número de habitantes: 7398000

Ciudades y habitantes de China
Ciudades y habitantes de China
Ciudad: Dongguan
Ciudad: Shenzhen
Número de habitantes: 8142000
Número de habitantes: 14678000


El número total de habitantes es 24644000
Ciudades y habitantes de China
Ciudades y habitantes de China
Ciudad: Shanghai
Número de habitantes: 22118000
Ciudad: Hangzhou

Número de habitantes: 6713000

Ciudades y habitantes de China
Ciudad: Shenyang
Número de habitantes: 7208000

Ciudades y habitantes de China
Ciudad: Beijing
Ciudades y habitantes de India
Número de habitantes: 19437000

Ciudad: Ahmedabad
Ciudades y habitantes de India
Número de habitantes: 7717000
El número total de habitantes es 27292000

Ciudad: Delhi
Número de habitantes: 31870000

Ciudades y habitantes de China
Ciudad: Beijing
Número de habitantes: 19437000

Ciudades y habitantes de China
Ciudad: Suzhou
Número de habitantes: 5103000

Ciudades y habitantes de Pakistan
Ciudad: Lahore
Ciudades y habitantes de India
Ciudades y habitantes de China
Número de habitantes: 11148000

Ciudad: Chongqing
Ciudad: Mumbai
Número de habitantes: 8261000
Número de habitantes: 22186000


El número total de habitantes es 26440000
Ciudades y habitantes de China
States no es un argumento válido
Ciudad: Qingdao
Número de habitantes: 6232000
Ciudades y habitantes de China

Ciudad: Harbin
Número de habitantes: 4583000

Ciudades y habitantes de China
Ciudad: Dalian
Ciudades y habitantes de China
Número de habitantes: 3994000

Ciudad: Chongqing
Ciudades y habitantes de India
Número de habitantes: 8261000

Ciudad: Surat
Número de habitantes: 4875000

Ciudades y habitantes de China
Ciudad: Chengdu
Número de habitantes: 11920000

Ciudades y habitantes de China
Ciudad: Nanjing
Número de habitantes: 7729000

Ciudades y habitantes de China
United no es un argumento válido
Ciudad: Tianjin
Número de habitantes: 10932000

Ciudades y habitantes de India
Ciudad: Pune
Ciudades y habitantes de China
Número de habitantes: 7948000

Ciudades y habitantes de China
Ciudad: Wuhan
Número de habitantes: 9729000
Ciudad: Jinan

Número de habitantes: 4381000

Ciudades y habitantes de China
Ciudad: Guangzhou
Ciudades y habitantes de India
Número de habitantes: 21489000

Ciudad: Kolkata
Número de habitantes: 18698000
Ciudades y habitantes de China

Ciudad: Tianjin
Número de habitantes: 10932000

El número total de habitantes es 187137000
Ciudades y habitantes de China
Ciudad: Guangzhou
Número de habitantes: 21489000
Ciudades y habitantes de China
Ciudades y habitantes de China

Ciudad: Shenzhen
Ciudad: Xi'an
Número de habitantes: 14678000
Número de habitantes: 7090000


Ciudades y habitantes de China
Ciudad: Hong Kong
Número de habitantes: 7398000

Ciudades y habitantes de China
Ciudades y habitantes de China
Ciudad: Shenzhen
Número de habitantes: 14678000
Ciudad: Dongguan

Número de habitantes: 8142000

Ciudades y habitantes de China
Ciudad: Qingdao
Número de habitantes: 6232000

Ciudades y habitantes de China
Ciudad: Hangzhou
Número de habitantes: 6713000

Ciudades y habitantes de China
Ciudad: Dalian
Número de habitantes: 3994000

Ciudades y habitantes de China
Ciudad: Shenyang
Número de habitantes: 7208000

Ciudades y habitantes de India
Ciudad: Bangalore
Número de habitantes: 13999000

Ciudades y habitantes de China
Ciudad: Jinan
Número de habitantes: 4381000

Ciudades y habitantes de Turkey
Ciudad: Istanbul
Número de habitantes: 15311000

Ciudades y habitantes de India
Ciudades y habitantes de India
El número total de habitantes es 16216000
Ciudad: Chennai
Ciudad: Delhi
Número de habitantes: 11564000
Ciudades y habitantes de Brazil
Número de habitantes: 31870000


Ciudad: Belo Horizonte
Número de habitantes: 5159000

El número total de habitantes es 187137000
Ciudades y habitantes de China
Ciudad: Suzhou
Número de habitantes: 5103000

Ciudades y habitantes de China
Ciudad: Chengdu
Número de habitantes: 11920000

Ciudades y habitantes de China
Ciudad: Harbin
Número de habitantes: 4583000
Ciudades y habitantes de China

Ciudades y habitantes de Colombia
Ciudad: Nanjing
Ciudad: Bogotá
Número de habitantes: 7729000

Número de habitantes: 9274000

El número total de habitantes es 128697000
El número total de habitantes es 23971000
Ciudades y habitantes de China
Ciudades y habitantes de India
Ciudad: Hyderabad
Ciudad: Wuhan
Número de habitantes: 9840000
Número de habitantes: 9729000


Ciudades y habitantes de China
Ciudades y habitantes de India
Ciudad: Chengdu
Número de habitantes: 11920000
Ciudad: Mumbai

Número de habitantes: 22186000

Ciudades y habitantes de China
Ciudad: Nanjing
Número de habitantes: 7729000

Ciudades y habitantes de China
Ciudad: Wuhan
Número de habitantes: 9729000

Ciudades y habitantes de China
Ciudad: Xi'an
Número de habitantes: 7090000

Ciudades y habitantes de China
Ciudad: Hong Kong
Número de habitantes: 7398000

Ciudades y habitantes de China
Ciudad: Dongguan
Número de habitantes: 8142000
Ciudades y habitantes de India

Ciudad: Ahmedabad
Número de habitantes: 7717000

Ciudades y habitantes de China
Ciudad: Xi'an
Número de habitantes: 7090000

Ciudades y habitantes de India
Ciudades y habitantes de Peru
Ciudad: Kolkata
Ciudades y habitantes de China
Número de habitantes: 18698000

Ciudad: Hangzhou
Ciudad: Lima
Número de habitantes: 6713000
Número de habitantes: 8992000


Congo no es un argumento válido
Ciudades y habitantes de China
Ciudad: Hong Kong
Número de habitantes: 7398000
El número total de habitantes es 40140000

Ciudades y habitantes de China
El número total de habitantes es 15487000
Ciudad: Shenyang
Número de habitantes: 7208000

Ciudades y habitantes de China
Ciudad: Dongguan
Número de habitantes: 8142000

Ciudades y habitantes de China
Ciudad: Qingdao
Número de habitantes: 6232000

Ciudades y habitantes de China
Ciudad: Hangzhou
Número de habitantes: 6713000

Ciudades y habitantes de China
Ciudad: Dalian
Número de habitantes: 3994000

Ciudades y habitantes de China
Ciudad: Shenyang
Número de habitantes: 7208000

Ciudades y habitantes de China
Ciudad: Suzhou
Número de habitantes: 5103000

Ciudades y habitantes de India
Ciudades y habitantes de China
Ciudad: Surat
Ciudad: Shanghai
Número de habitantes: 4875000

Número de habitantes: 22118000

Ciudades y habitantes de India
Ciudad: Delhi
Ciudades y habitantes de China
Número de habitantes: 31870000

Ciudad: Jinan
Número de habitantes: 4381000

United no es un argumento válido
Ciudades y habitantes de China
Ciudad: Harbin
Número de habitantes: 4583000

Ciudades y habitantes de India
Ciudad: Bangalore
Número de habitantes: 13999000

Ciudades y habitantes de India
Ciudad: Pune
Ciudades y habitantes de China
Número de habitantes: 7948000

Ciudad: Suzhou
Número de habitantes: 5103000

El número total de habitantes es 187137000
Ciudades y habitantes de France
Ciudades y habitantes de China
Ciudad: Paris
Número de habitantes: 11027000

Ciudad: Shanghai
Número de habitantes: 22118000

Ciudades y habitantes de Russia
Ciudades y habitantes de China
Ciudades y habitantes de China
Ciudad: Moscow
Ciudad: Beijing
Número de habitantes: 17693000
Número de habitantes: 19437000
Ciudad: Harbin


Número de habitantes: 4583000

Ciudades y habitantes de India
Ciudades y habitantes de India
Ciudad: Chennai
Número de habitantes: 11564000

Ciudad: Mumbai
Número de habitantes: 22186000

States no es un argumento válido
Ciudades y habitantes de China
Ciudad: Beijing
Número de habitantes: 19437000

Ciudades y habitantes de India
Ciudad: Hyderabad
Número de habitantes: 9840000
Ciudades y habitantes de China

Ciudad: Chongqing
Número de habitantes: 8261000

Ciudades y habitantes de India
Ciudad: Delhi
Número de habitantes: 31870000

Ciudades y habitantes de China
Ciudades y habitantes de India
Ciudad: Qingdao
Número de habitantes: 6232000
Ciudad: Kolkata

Número de habitantes: 18698000

Ciudades y habitantes de China
Ciudad: Chongqing
Número de habitantes: 8261000

Ciudades y habitantes de China
Ciudad: Dalian
Número de habitantes: 3994000

Ciudades y habitantes de China
Ciudad: Tianjin
Número de habitantes: 10932000

Ciudades y habitantes de India
Ciudad: Mumbai
Número de habitantes: 22186000

Ciudades y habitantes de China
Ciudades y habitantes de India
Ciudad: Qingdao
Ciudad: Ahmedabad
Número de habitantes: 6232000
Número de habitantes: 7717000
Ciudades y habitantes de Indonesia


Ciudades y habitantes de China
Ciudad: Jakarta
Ciudad: Guangzhou
Número de habitantes: 35362000

Número de habitantes: 21489000

Ciudades y habitantes de China
Ciudades y habitantes de China
Ciudad: Jinan
Número de habitantes: 4381000
Ciudad: Dalian

Número de habitantes: 3994000

Ciudades y habitantes de China
Ciudad: Tianjin
Número de habitantes: 10932000

Ciudades y habitantes de China
Ciudad: Shenzhen
Número de habitantes: 14678000
El número total de habitantes es 187137000
El número total de habitantes es 128697000

Ciudades y habitantes de China
Ciudad: Guangzhou
Número de habitantes: 21489000

Ciudades y habitantes de China
Ciudades y habitantes de India
Ciudad: Jinan
Ciudad: Bangalore
Número de habitantes: 4381000

Número de habitantes: 13999000

Ciudades y habitantes de Iran
El número total de habitantes es 9274000
Ciudad: Tehran
Número de habitantes: 13819000

Ciudades y habitantes de India
Ciudad: Kolkata
Ciudades y habitantes de China
Número de habitantes: 18698000

Ciudades y habitantes de China
Ciudad: Shanghai
Número de habitantes: 22118000
Ciudad: Shenzhen

Número de habitantes: 14678000

El número total de habitantes es 187137000
Ciudades y habitantes de India
Ciudad: Surat
Número de habitantes: 4875000

Ciudades y habitantes de India
Ciudad: Chennai
Número de habitantes: 11564000
El número total de habitantes es 26440000

Ciudades y habitantes de India
Ciudad: Pune
Número de habitantes: 7948000

Ciudades y habitantes de China
Ciudad: Beijing
Número de habitantes: 19437000

Ciudades y habitantes de India
Ciudad: Hyderabad
Número de habitantes: 9840000

El número total de habitantes es 8992000
El número total de habitantes es 15311000
Ciudades y habitantes de China
Ciudad: Chengdu
Número de habitantes: 11920000

Ciudades y habitantes de India
Ciudad: Bangalore
Número de habitantes: 13999000

South no es un argumento válido
Ciudades y habitantes de China
Ciudad: Nanjing
Número de habitantes: 7729000

Ciudades y habitantes de China
Ciudad: Chongqing
Número de habitantes: 8261000

Ciudades y habitantes de China
Ciudad: Wuhan
Número de habitantes: 9729000

Ciudades y habitantes de China
Ciudad: Chengdu
Número de habitantes: 11920000

Ciudades y habitantes de India
Ciudad: Ahmedabad
Número de habitantes: 7717000

Ciudades y habitantes de China
Ciudad: Nanjing
Número de habitantes: 7729000

Ciudades y habitantes de China
Ciudades y habitantes de China
Ciudades y habitantes de China
Ciudad: Xi'an
Ciudad: Wuhan
Número de habitantes: 7090000
Número de habitantes: 9729000
Ciudad: Tianjin


Número de habitantes: 10932000

Ciudades y habitantes de India
Ciudad: Chennai
Número de habitantes: 11564000

Ciudades y habitantes de China
Ciudad: Hong Kong
Número de habitantes: 7398000

Ciudades y habitantes de China
Ciudad: Guangzhou
Número de habitantes: 21489000

Ciudades y habitantes de China
Ciudad: Dongguan
Número de habitantes: 8142000

Ciudades y habitantes de China
Ciudades y habitantes de China
Ciudad: Hangzhou
Número de habitantes: 6713000
Ciudad: Xi'an

Número de habitantes: 7090000

El número total de habitantes es 11027000
Ciudades y habitantes de China
Ciudad: Shenzhen
Número de habitantes: 14678000

Ciudades y habitantes de India
Ciudades y habitantes de China
Ciudades y habitantes de China
Ciudad: Hyderabad
Ciudad: Shenyang
Número de habitantes: 9840000
Número de habitantes: 7208000
Ciudad: Hong Kong


Número de habitantes: 7398000

Ciudades y habitantes de Russia
Ciudades y habitantes de India
Ciudades y habitantes de China
Ciudad: Saint Petersburg
Ciudad: Surat
Número de habitantes: 5207000
Ciudad: Dongguan

Número de habitantes: 4875000
Número de habitantes: 8142000


Ciudades y habitantes de China
Ciudad: Hangzhou
Ciudades y habitantes de Angola
Número de habitantes: 6713000

Ciudad: Luanda
El número total de habitantes es 128697000
Número de habitantes: 8883000

Ciudades y habitantes de China
Ciudades y habitantes de India
Ciudad: Shenyang
Ciudad: Pune
Número de habitantes: 7208000

Número de habitantes: 7948000

Ciudades y habitantes de China
Ciudad: Suzhou
Número de habitantes: 5103000

Ciudades y habitantes de China
Ciudad: Shanghai
Número de habitantes: 22118000

Ciudades y habitantes de China
Ciudades y habitantes de India
Ciudad: Harbin
Número de habitantes: 4583000
Ciudad: Ahmedabad

Número de habitantes: 7717000

El número total de habitantes es 22900000
Ciudades y habitantes de China
Ciudad: Suzhou
Ciudades y habitantes de Japan
Número de habitantes: 5103000

Ciudad: Osaka
Número de habitantes: 15490000

Ciudades y habitantes de China
Ciudad: Beijing
Número de habitantes: 19437000

Ciudades y habitantes de China
Ciudades y habitantes de China
Ciudad: Chengdu
Ciudad: Harbin
Número de habitantes: 11920000

Número de habitantes: 4583000

El número total de habitantes es 35362000
Ciudades y habitantes de China
Ciudad: Nanjing
Número de habitantes: 7729000

Ciudades y habitantes de China
Ciudad: Wuhan
Número de habitantes: 9729000

States no es un argumento válido
Ciudades y habitantes de India
Ciudad: Surat
Número de habitantes: 4875000

Ciudades y habitantes de China
Ciudad: Chongqing
Número de habitantes: 8261000

Ciudades y habitantes de India
Ciudades y habitantes de China
Ciudad: Xi'an
Ciudad: Pune
Número de habitantes: 7090000
Número de habitantes: 7948000


Ciudades y habitantes de China
Ciudades y habitantes de China
Ciudad: Hong Kong
Número de habitantes: 7398000
Ciudad: Qingdao

Número de habitantes: 6232000
Korea no es un argumento válido

Ciudades y habitantes de China
Ciudades y habitantes de China
Ciudad: Dongguan
Número de habitantes: 8142000
Ciudad: Dalian

Número de habitantes: 3994000

Ciudades y habitantes de China
Ciudad: Tianjin
Kingdom no es un argumento válido
Número de habitantes: 10932000

Ciudades y habitantes de China
Ciudad: Hangzhou
Número de habitantes: 6713000

El número total de habitantes es 128697000
Ciudades y habitantes de China
Ciudades y habitantes de China
Ciudad: Shenyang
Número de habitantes: 7208000

Ciudad: Qingdao
Número de habitantes: 6232000
Ciudades y habitantes de China

Ciudad: Guangzhou
Número de habitantes: 21489000

Ciudades y habitantes de China
Ciudad: Jinan
Número de habitantes: 4381000

Ciudades y habitantes de China
Ciudad: Dalian
Número de habitantes: 3994000

Ciudades y habitantes de China
El número total de habitantes es 187137000
Ciudad: Shenzhen
Número de habitantes: 14678000

Ciudades y habitantes de India
Ciudad: Delhi
Número de habitantes: 31870000

Ciudades y habitantes de China
Ciudades y habitantes de China
Ciudad: Suzhou
Ciudad: Jinan
Número de habitantes: 5103000

Número de habitantes: 4381000
Ciudades y habitantes de Japan

Ciudades y habitantes de Thailand
Ciudad: Nagoya
Número de habitantes: 9522000
Ciudad: Bangkok

Número de habitantes: 17573000

Ciudades y habitantes de China
Ciudad: Harbin
Número de habitantes: 4583000

El número total de habitantes es 187137000
Ciudades y habitantes de China
Ciudad: Shanghai
Número de habitantes: 22118000

El número total de habitantes es 8883000
Ciudades y habitantes de India
Ciudad: Mumbai
Ciudades y habitantes de India
Número de habitantes: 22186000

Ciudad: Delhi
Número de habitantes: 31870000

El número total de habitantes es 128697000
Ciudades y habitantes de China
Ciudad: Beijing
Número de habitantes: 19437000

Ciudades y habitantes de India
Ciudad: Mumbai
Ciudades y habitantes de China
Número de habitantes: 22186000

Ciudad: Shanghai
Número de habitantes: 22118000

Ciudades y habitantes de China
DR no es un argumento válido
Ciudad: Chengdu
Número de habitantes: 11920000

Ciudades y habitantes de China
Ciudad: Nanjing
Número de habitantes: 7729000

Ciudades y habitantes de India
Ciudad: Kolkata
Número de habitantes: 18698000

United no es un argumento válido
Ciudades y habitantes de China
Ciudad: Wuhan
Número de habitantes: 9729000

Ciudades y habitantes de China
Ciudad: Chongqing
Ciudades y habitantes de China
Número de habitantes: 8261000
Ciudades y habitantes de China

Ciudad: Beijing
Ciudad: Qingdao
Número de habitantes: 19437000
Número de habitantes: 6232000


Ciudades y habitantes de China
Ciudad: Dalian
Número de habitantes: 3994000

Ciudades y habitantes de India
Ciudades y habitantes de China
Ciudad: Kolkata
Número de habitantes: 18698000

Ciudad: Xi'an
Número de habitantes: 7090000
Ciudades y habitantes de China

Ciudad: Shanghai
Número de habitantes: 22118000

Ciudades y habitantes de China
Ciudad: Hong Kong
Número de habitantes: 7398000

Ciudades y habitantes de China
Ciudades y habitantes de China
Ciudad: Tianjin
Ciudades y habitantes de China
Ciudad: Jinan
Número de habitantes: 10932000

Número de habitantes: 4381000

Ciudad: Chongqing
Número de habitantes: 8261000

Ciudades y habitantes de China
Ciudad: Dongguan
Número de habitantes: 8142000

Ciudades y habitantes de China
Ciudades y habitantes de India
Ciudad: Shanghai
Número de habitantes: 22118000

Ciudad: Bangalore
Ciudades y habitantes de China
Número de habitantes: 13999000

Ciudad: Hangzhou
Ciudades y habitantes de China
Número de habitantes: 6713000

Ciudad: Guangzhou
Número de habitantes: 21489000

El número total de habitantes es 187137000
Ciudades y habitantes de China
Ciudad: Beijing
Ciudades y habitantes de China
Número de habitantes: 19437000

Ciudad: Shenyang
Número de habitantes: 7208000

Ciudades y habitantes de Malaysia
Ciudad: Kuala Lumpur
Número de habitantes: 8639000

Ciudades y habitantes de China
Ciudad: Shenzhen
Ciudades y habitantes de India
Número de habitantes: 14678000
Ciudades y habitantes de China

Ciudad: Chennai
Ciudad: Tianjin
Número de habitantes: 11564000

Número de habitantes: 10932000

Ciudades y habitantes de China
Ciudad: Beijing
Número de habitantes: 19437000

Ciudades y habitantes de India
Ciudad: Bangalore
Ciudades y habitantes de Japan
Número de habitantes: 13999000

Ciudad: Fukuoka
Número de habitantes: 2280000

United no es un argumento válido
Ciudades y habitantes de China
Ciudades y habitantes de China
Ciudad: Suzhou
Ciudad: Chongqing
Número de habitantes: 5103000
Número de habitantes: 8261000


Ciudades y habitantes de India
Ciudad: Hyderabad
Número de habitantes: 9840000

Ciudades y habitantes de India
Ciudades y habitantes de China
Ciudad: Chennai
Número de habitantes: 11564000
Ciudad: Harbin

Número de habitantes: 4583000

Ciudades y habitantes de China
Ciudades y habitantes de China
Ciudad: Chongqing
Número de habitantes: 8261000

Ciudad: Shanghai
Número de habitantes: 22118000

Ciudades y habitantes de China
Ciudad: Shanghai
Número de habitantes: 22118000

Ciudades y habitantes de Vietnam
Ciudad: Ho Chi Minh City
Número de habitantes: 13954000
Ciudades y habitantes de China

Ciudad: Tianjin
Número de habitantes: 10932000

Ciudades y habitantes de India
Ciudad: Hyderabad
Número de habitantes: 9840000

Ciudades y habitantes de China
Ciudad: Guangzhou
Número de habitantes: 21489000

Ciudades y habitantes de China
Ciudades y habitantes de China
Ciudad: Beijing
Ciudad: Tianjin
Ciudades y habitantes de China
Número de habitantes: 19437000
Ciudades y habitantes de India
Número de habitantes: 10932000


Ciudades y habitantes de China
Ciudad: Beijing
Ciudad: Ahmedabad
Número de habitantes: 19437000

Número de habitantes: 7717000
Ciudad: Chengdu

El número total de habitantes es 27292000
Número de habitantes: 11920000

Ciudades y habitantes de China
Ciudad: Nanjing
Ciudades y habitantes de China
Número de habitantes: 7729000

Ciudades y habitantes de China
Ciudad: Shenzhen
Número de habitantes: 14678000
Ciudad: Guangzhou

Número de habitantes: 21489000

Ciudades y habitantes de China
El número total de habitantes es 17573000
Ciudad: Wuhan
Número de habitantes: 9729000

Ciudades y habitantes de China
Ciudad: Shenzhen
Número de habitantes: 14678000

Ciudades y habitantes de India
Ciudades y habitantes de China
Ciudad: Ahmedabad
Ciudad: Chongqing
Número de habitantes: 7717000
Número de habitantes: 8261000


Ciudades y habitantes de China
Ciudades y habitantes de China
Ciudad: Chongqing
Número de habitantes: 8261000
Ciudad: Qingdao

Número de habitantes: 6232000

Ciudades y habitantes de China
Ciudades y habitantes de China
Ciudad: Dalian
Ciudad: Xi'an
Número de habitantes: 3994000
Número de habitantes: 7090000


Ciudades y habitantes de India
Ciudad: Surat
Número de habitantes: 4875000

Ciudades y habitantes de China
Ciudades y habitantes de Brazil
Ciudad: Hong Kong
Número de habitantes: 7398000

Ciudad: São Paulo
Número de habitantes: 22495000

Ciudades y habitantes de Spain
Ciudad: Madrid
Número de habitantes: 6006000

Ciudades y habitantes de China
Ciudad: Dongguan
Número de habitantes: 8142000
Ciudades y habitantes de Tanzania

Ciudad: Dar es Salaam
Número de habitantes: 7461000

Ciudades y habitantes de China
Ciudad: Tianjin
Número de habitantes: 10932000
Ciudades y habitantes de India

Ciudad: Pune
Ciudades y habitantes de China
Ciudades y habitantes de China
Número de habitantes: 7948000

Ciudad: Tianjin
Ciudades y habitantes de China
Ciudad: Hangzhou
Número de habitantes: 10932000
Número de habitantes: 6713000

Ciudad: Jinan

Número de habitantes: 4381000

Ciudades y habitantes de China
Ciudad: Shenyang
Ciudades y habitantes de China
Número de habitantes: 7208000

Ciudad: Guangzhou
Número de habitantes: 21489000

Ciudades y habitantes de Japan
Ciudades y habitantes de China
Ciudad: Guangzhou
Ciudades y habitantes de India
Ciudad: Osaka
Número de habitantes: 21489000
Ciudades y habitantes de China

Número de habitantes: 15490000
Ciudad: Surat

El número total de habitantes es 187137000
Ciudad: Chengdu
Número de habitantes: 4875000

Número de habitantes: 11920000

El número total de habitantes es 8639000
Ciudades y habitantes de China
Ciudad: Nanjing
Número de habitantes: 7729000

Ciudades y habitantes de China
Ciudad: Shenzhen
Número de habitantes: 14678000

Ciudades y habitantes de China
Ciudades y habitantes de China
Ciudades y habitantes de India
Ciudad: Shenzhen
Ciudad: Wuhan
Número de habitantes: 14678000
Número de habitantes: 9729000
Ciudad: Pune


Ciudades y habitantes de China
Número de habitantes: 7948000

Ciudad: Chengdu
Número de habitantes: 11920000

Ciudades y habitantes de China
Ciudades y habitantes de China
Ciudad: Guangzhou
Número de habitantes: 21489000

Ciudad: Suzhou
Número de habitantes: 5103000

Ciudades y habitantes de China
Ciudad: Nanjing
Número de habitantes: 7729000

United no es un argumento válido
El número total de habitantes es 13819000
Ciudades y habitantes de China
Ciudad: Wuhan
Número de habitantes: 9729000
Ciudades y habitantes de China

Ciudad: Harbin
Número de habitantes: 4583000

Ciudades y habitantes de China
Ciudad: Shenzhen
Ciudades y habitantes de China
Número de habitantes: 14678000

Ciudad: Xi'an
Número de habitantes: 7090000

Ciudades y habitantes de Spain
Ciudades y habitantes de Brazil
Ciudad: Barcelona
Ciudad: Rio de Janeiro
Número de habitantes: 4735000

Número de habitantes: 12486000

Ciudades y habitantes de China
Ciudad: Hong Kong
Número de habitantes: 7398000

Ciudades y habitantes de China
Ciudades y habitantes de China
Ciudad: Dongguan
Número de habitantes: 8142000

Ciudad: Xi'an
Número de habitantes: 7090000

Ciudades y habitantes de China
Ciudad: Hangzhou
Ciudades y habitantes de China
El número total de habitantes es 7461000
Número de habitantes: 6713000

Ciudad: Hong Kong
Número de habitantes: 7398000

El número total de habitantes es 13954000
Ciudades y habitantes de China
Ciudades y habitantes de China
Ciudad: Shenyang
Número de habitantes: 7208000
Ciudad: Dongguan

Número de habitantes: 8142000

Ciudades y habitantes de China
Ciudad: Hangzhou
Ciudades y habitantes de China
Número de habitantes: 6713000

Ciudad: Chengdu
Número de habitantes: 11920000

Ciudades y habitantes de China
Ciudad: Chengdu
Número de habitantes: 11920000

Ciudades y habitantes de China
Ciudades y habitantes de Iraq
Ciudad: Shenyang
Ciudades y habitantes de China
Ciudad: Baghdad
Número de habitantes: 7208000

Número de habitantes: 6107000
Ciudad: Nanjing

Número de habitantes: 7729000

El número total de habitantes es 128697000
Ciudades y habitantes de China
Ciudad: Nanjing
El número total de habitantes es 10741000
Número de habitantes: 7729000

Ciudades y habitantes de China
Ciudades y habitantes de Chile
Ciudad: Wuhan
Número de habitantes: 9729000

Ciudad: Santiago
Ciudades y habitantes de China
Número de habitantes: 7026000
Ciudades y habitantes de China

Ciudad: Wuhan
Número de habitantes: 9729000
Ciudad: Suzhou

Número de habitantes: 5103000

Ciudades y habitantes de China
Ciudad: Qingdao
Número de habitantes: 6232000

Ciudades y habitantes de China
Ciudades y habitantes de China
Ciudades y habitantes de Japan
Ciudad: Dalian
Ciudades y habitantes de China
Ciudad: Harbin
Número de habitantes: 3994000
Ciudad: Nagoya
Ciudades y habitantes de China
Número de habitantes: 4583000

Número de habitantes: 9522000

Ciudad: Chengdu

Número de habitantes: 11920000
Ciudad: Shanghai

Ciudades y habitantes de China
Número de habitantes: 22118000

Ciudad: Suzhou
Número de habitantes: 5103000

Ciudades y habitantes de China
Ciudad: Nanjing
Número de habitantes: 7729000

Ciudades y habitantes de China
El número total de habitantes es 128697000
Ciudad: Xi'an
Número de habitantes: 7090000
Ciudades y habitantes de China

Ciudad: Xi'an
Ciudades y habitantes de China
Número de habitantes: 7090000

Ciudad: Harbin
Número de habitantes: 4583000
Ciudades y habitantes de China

United no es un argumento válido
Ciudad: Wuhan
Número de habitantes: 9729000

Ciudades y habitantes de China
Ciudades y habitantes de China
Ciudad: Hong Kong
Ciudades y habitantes de China
Número de habitantes: 7398000
Ciudad: Shanghai
Ciudades y habitantes de China

Número de habitantes: 22118000
Ciudad: Hong Kong

Ciudad: Jinan
Número de habitantes: 7398000

Número de habitantes: 4381000

Ciudades y habitantes de China
Ciudad: Dongguan
Número de habitantes: 8142000

Ciudades y habitantes de China
Ciudades y habitantes de China
Ciudad: Beijing
States no es un argumento válido
Ciudad: Dongguan
Número de habitantes: 19437000

Número de habitantes: 8142000

Ciudades y habitantes de China
El número total de habitantes es 187137000
Ciudad: Hangzhou
Número de habitantes: 6713000

Ciudades y habitantes de China
Ciudad: Hangzhou
Número de habitantes: 6713000

Ciudades y habitantes de China
Ciudades y habitantes de China
Ciudad: Xi'an
Número de habitantes: 7090000
Ciudad: Shenyang

Número de habitantes: 7208000

Ciudades y habitantes de China
Ciudad: Shenyang
Número de habitantes: 7208000

Ciudades y habitantes de China
Ciudad: Beijing
Número de habitantes: 19437000
Ciudades y habitantes de China

Ciudad: Hong Kong
Número de habitantes: 7398000

Ciudades y habitantes de China
Ciudad: Dongguan
Número de habitantes: 8142000

Ciudades y habitantes de China
Ciudad: Chongqing
Ciudades y habitantes de China
Número de habitantes: 8261000

Ciudad: Hangzhou
Número de habitantes: 6713000
Ciudades y habitantes de China

Ciudad: Shanghai
Número de habitantes: 22118000

Ciudades y habitantes de China
Ciudades y habitantes de China
Ciudades y habitantes de China
States no es un argumento válido
Ciudad: Qingdao
Ciudad: Suzhou
Número de habitantes: 6232000

Ciudad: Shenyang
Número de habitantes: 5103000

Número de habitantes: 7208000

Ciudades y habitantes de China
Ciudad: Suzhou
Número de habitantes: 5103000

Ciudades y habitantes de China
Ciudades y habitantes de China
Ciudad: Dalian
Número de habitantes: 3994000

Ciudad: Chongqing
Número de habitantes: 8261000

Ciudades y habitantes de China
Ciudad: Harbin
Número de habitantes: 4583000

Ciudades y habitantes de China
Ciudad: Harbin
Número de habitantes: 4583000

Ciudades y habitantes de China
Ciudad: Tianjin
Ciudades y habitantes de China
Número de habitantes: 10932000
Ciudades y habitantes de China

Ciudad: Suzhou
Ciudad: Beijing
Número de habitantes: 5103000

Número de habitantes: 19437000

Ciudades y habitantes de China
Ciudad: Jinan
Ciudades y habitantes de China
Ciudades y habitantes de China
Número de habitantes: 4381000
Ciudad: Harbin

Número de habitantes: 4583000

El número total de habitantes es 6107000
Ciudad: Guangzhou
Número de habitantes: 21489000

El número total de habitantes es 7026000
Ciudades y habitantes de China
Ciudad: Tianjin
Número de habitantes: 10932000

El número total de habitantes es 187137000
Ciudades y habitantes de China
Ciudad: Shenzhen
Número de habitantes: 14678000

Ciudades y habitantes de China
Ciudades y habitantes de Mexico
Ciudades y habitantes de China
Ciudad: Guangzhou
Ciudad: Mexico City
Número de habitantes: 21489000
Número de habitantes: 21505000


Ciudad: Chongqing
Número de habitantes: 8261000

Ciudades y habitantes de Singapore
States no es un argumento válido
Ciudad: Singapore
Número de habitantes: 5271000

Ciudades y habitantes de Brazil
Ciudad: Belo Horizonte
Número de habitantes: 5159000

Ciudades y habitantes de China
Ciudad: Shenzhen
Número de habitantes: 14678000

States no es un argumento válido
Ciudades y habitantes de China
Ciudad: Qingdao
Número de habitantes: 6232000

Ciudades y habitantes de Sudan
Ciudad: Khartoum
Número de habitantes: 6017000

Ciudades y habitantes de China
Ciudad: Dalian
Número de habitantes: 3994000

Ciudades y habitantes de Japan
Ciudad: Fukuoka
Número de habitantes: 2280000

Ciudades y habitantes de China
Ciudad: Tianjin
Ciudades y habitantes de Egypt
Número de habitantes: 10932000

Ciudad: Cairo
Número de habitantes: 19787000
Ciudades y habitantes de China

Ciudad: Qingdao
Número de habitantes: 6232000

Ciudades y habitantes de China
Ciudad: Qingdao
Ciudades y habitantes de China
Número de habitantes: 6232000
Ciudad: Jinan

Número de habitantes: 4381000

United no es un argumento válido
Ciudades y habitantes de China
Ciudades y habitantes de China
Ciudad: Dalian
Número de habitantes: 3994000
Ciudad: Guangzhou

Número de habitantes: 21489000
Ciudades y habitantes de China

Ciudad: Dalian
Número de habitantes: 3994000
El número total de habitantes es 187137000

Saudi no es un argumento válido
Ciudades y habitantes de China
Ciudad: Chengdu
Número de habitantes: 11920000

Ciudades y habitantes de China
Ciudad: Shenzhen
El número total de habitantes es 6017000
Número de habitantes: 14678000

Ciudades y habitantes de China
Ciudades y habitantes de China
Ciudad: Nanjing
Número de habitantes: 7729000
Ciudades y habitantes de China

Ciudad: Chengdu
Número de habitantes: 11920000
Ciudad: Jinan

Número de habitantes: 4381000

Ciudades y habitantes de China
Ciudades y habitantes de China
Ciudad: Wuhan
Ciudad: Jinan
Número de habitantes: 9729000

Número de habitantes: 4381000

Ciudades y habitantes de China
Ciudad: Nanjing
Número de habitantes: 7729000

Africa no es un argumento válido
El número total de habitantes es 187137000
El número total de habitantes es 187137000
El número total de habitantes es 5271000
Ciudades y habitantes de China
Ciudades y habitantes de Spain
Ciudad: Madrid
Ciudad: Wuhan
Número de habitantes: 6006000

Número de habitantes: 9729000

Ciudades y habitantes de China
El número total de habitantes es 40140000
Ciudad: Qingdao
Ciudades y habitantes de China
Número de habitantes: 6232000

Ciudad: Xi'an
Número de habitantes: 7090000

El número total de habitantes es 27292000
United no es un argumento válido
Ciudades y habitantes de China
Ciudad: Hong Kong
Número de habitantes: 7398000

Ciudades y habitantes de China
Ciudad: Dalian
Número de habitantes: 3994000

Ciudades y habitantes de China
Ciudad: Dongguan
Número de habitantes: 8142000

Ciudades y habitantes de China
Ciudad: Hangzhou
Número de habitantes: 6713000

Ciudades y habitantes de China
Ciudad: Shenyang
Número de habitantes: 7208000

Ciudades y habitantes de China
Ciudad: Jinan
Número de habitantes: 4381000
Ciudades y habitantes de China

Ciudad: Xi'an
Número de habitantes: 7090000

Ciudades y habitantes de China
El número total de habitantes es 187137000
Ciudad: Hong Kong
Número de habitantes: 7398000

Ciudades y habitantes de China
Ciudad: Suzhou
Número de habitantes: 5103000
Ciudades y habitantes de China

Ciudad: Dongguan
Número de habitantes: 8142000

Ciudades y habitantes de Spain
Ciudad: Barcelona
Número de habitantes: 4735000

Ciudades y habitantes de China
Ciudad: Harbin
Número de habitantes: 4583000

Ciudades y habitantes de China
Ciudad: Hangzhou
Número de habitantes: 6713000

Ciudades y habitantes de China
Ciudad: Chengdu
Número de habitantes: 11920000

Ciudades y habitantes de China
Ciudad: Shenyang
Ciudades y habitantes de China
Número de habitantes: 7208000

Ciudad: Nanjing
Número de habitantes: 7729000

Ciudades y habitantes de Canada
Ciudades y habitantes de China
Ciudad: Toronto
Ciudad: Wuhan
Número de habitantes: 6985000

Número de habitantes: 9729000

Ciudades y habitantes de Russia
Ciudad: Moscow
Número de habitantes: 17693000

El número total de habitantes es 10741000
Ciudades y habitantes de China
Ciudad: Suzhou
Número de habitantes: 5103000

Ciudades y habitantes de China
Ciudad: Qingdao
Número de habitantes: 6232000

Ciudades y habitantes de China
Ciudad: Xi'an
Número de habitantes: 7090000
Ciudades y habitantes de China

Ciudad: Dalian
Número de habitantes: 3994000

Ciudades y habitantes de China
Ciudad: Harbin
Ciudades y habitantes de China
Número de habitantes: 4583000

Ciudad: Hong Kong
Número de habitantes: 7398000

Ciudades y habitantes de China
Ciudad: Jinan
Ciudades y habitantes de China
Número de habitantes: 4381000

Ciudad: Dongguan
Número de habitantes: 8142000

States no es un argumento válido
El número total de habitantes es 187137000
Ciudades y habitantes de China
Ciudad: Hangzhou
Número de habitantes: 6713000

El número total de habitantes es 6985000
Ciudades y habitantes de China
Ciudad: Shenyang
Número de habitantes: 7208000

United no es un argumento válido
Ciudades y habitantes de China
Ciudad: Suzhou
Número de habitantes: 5103000

Ciudades y habitantes de China
Ciudad: Harbin
Ciudades y habitantes de Myanmar
Número de habitantes: 4583000

Ciudad: Yangon
Número de habitantes: 6497000
Arabia no es un argumento válido

Ciudades y habitantes de China
Ciudad: Qingdao
Número de habitantes: 6232000

Ciudades y habitantes de China
Ciudad: Dalian
Número de habitantes: 3994000

South no es un argumento válido
El número total de habitantes es 6497000
Ciudades y habitantes de Russia
States no es un argumento válido
Ciudad: Saint Petersburg
Número de habitantes: 5207000

Ciudades y habitantes de China
Ciudad: Jinan
Número de habitantes: 4381000

El número total de habitantes es 187137000
Ciudades y habitantes de Egypt
Ciudad: Alexandria
Número de habitantes: 4857000

Ciudades y habitantes de China
Ciudad: Qingdao
El número total de habitantes es 22900000
Número de habitantes: 6232000

Ciudades y habitantes de China
Ciudad: Dalian
Número de habitantes: 3994000

El número total de habitantes es 24644000
Ciudades y habitantes de China
Ciudad: Jinan
Número de habitantes: 4381000

Ciudades y habitantes de Mexico
Ciudad: Guadalajara
Número de habitantes: 5437000

El número total de habitantes es 187137000
El número total de habitantes es 26942000
United no es un argumento válido

real	0m0,025s
user	0m0,606s
sys	0m0,340s
